[2m2026-05-01T05:31:58.489981Z[0m [32m INFO[0m engine.phase [3mphase[0m[2m=[0m"evaluate_facts" [3melapsed_us[0m[2m=[0m203 [3mfacts[0m[2m=[0m2
[2m2026-05-01T05:31:58.490044Z[0m [32m INFO[0m engine.phase [3mphase[0m[2m=[0m"git_setup" [3melapsed_us[0m[2m=[0m10
[2m2026-05-01T05:31:58.490050Z[0m [32m INFO[0m engine.phase [3mphase[0m[2m=[0m"build_filtered_index" [3melapsed_us[0m[2m=[0m0 [3mfiles[0m[2m=[0m102003
[2m2026-05-01T05:32:00.514915Z[0m [32m INFO[0m engine.phase [3mphase[0m[2m=[0m"cross_file_partition" [3melapsed_us[0m[2m=[0m2024855 [3mrules[0m[2m=[0m21
[2m2026-05-01T05:32:00.514967Z[0m [32m INFO[0m engine.phase [3mphase[0m[2m=[0m"cross_file_rule" [3mrule[0m[2m=[0m"cargo-workspace-member-declares-name" [3melapsed_us[0m[2m=[0m2023433
[2m2026-05-01T05:32:00.514976Z[0m [32m INFO[0m engine.phase [3mphase[0m[2m=[0m"cross_file_rule" [3mrule[0m[2m=[0m"monorepo-packages-have-readme" [3melapsed_us[0m[2m=[0m28886
[2m2026-05-01T05:32:00.514984Z[0m [32m INFO[0m engine.phase [3mphase[0m[2m=[0m"cross_file_rule" [3mrule[0m[2m=[0m"cargo-workspace-member-has-readme" [3melapsed_us[0m[2m=[0m28731
[2m2026-05-01T05:32:00.514991Z[0m [32m INFO[0m engine.phase [3mphase[0m[2m=[0m"cross_file_rule" [3mrule[0m[2m=[0m"monorepo-crates-have-cargo-toml" [3melapsed_us[0m[2m=[0m28579
[2m2026-05-01T05:32:00.514999Z[0m [32m INFO[0m engine.phase [3mphase[0m[2m=[0m"cross_file_rule" [3mrule[0m[2m=[0m"rust-cargo-lock-exists" [3melapsed_us[0m[2m=[0m25027
[2m2026-05-01T05:32:00.515006Z[0m [32m INFO[0m engine.phase [3mphase[0m[2m=[0m"cross_file_rule" [3mrule[0m[2m=[0m"oss-dependency-update-tool" [3melapsed_us[0m[2m=[0m25012
[2m2026-05-01T05:32:00.515013Z[0m [32m INFO[0m engine.phase [3mphase[0m[2m=[0m"cross_file_rule" [3mrule[0m[2m=[0m"oss-readme-exists" [3melapsed_us[0m[2m=[0m24998
[2m2026-05-01T05:32:00.515021Z[0m [32m INFO[0m engine.phase [3mphase[0m[2m=[0m"cross_file_rule" [3mrule[0m[2m=[0m"oss-security-policy-exists" [3melapsed_us[0m[2m=[0m24995
[2m2026-05-01T05:32:00.515028Z[0m [32m INFO[0m engine.phase [3mphase[0m[2m=[0m"cross_file_rule" [3mrule[0m[2m=[0m"oss-license-exists" [3melapsed_us[0m[2m=[0m24965
[2m2026-05-01T05:32:00.515035Z[0m [32m INFO[0m engine.phase [3mphase[0m[2m=[0m"cross_file_rule" [3mrule[0m[2m=[0m"oss-codeowners-exists" [3melapsed_us[0m[2m=[0m24964
[2m2026-05-01T05:32:00.515043Z[0m [32m INFO[0m engine.phase [3mphase[0m[2m=[0m"cross_file_rule" [3mrule[0m[2m=[0m"oss-code-of-conduct-exists" [3melapsed_us[0m[2m=[0m24959
[2m2026-05-01T05:32:00.515050Z[0m [32m INFO[0m engine.phase [3mphase[0m[2m=[0m"cross_file_rule" [3mrule[0m[2m=[0m"oss-gitignore-exists" [3melapsed_us[0m[2m=[0m24958
[2m2026-05-01T05:32:00.515057Z[0m [32m INFO[0m engine.phase [3mphase[0m[2m=[0m"cross_file_rule" [3mrule[0m[2m=[0m"rust-cargo-toml-exists" [3melapsed_us[0m[2m=[0m24949
[2m2026-05-01T05:32:00.515064Z[0m [32m INFO[0m engine.phase [3mphase[0m[2m=[0m"cross_file_rule" [3mrule[0m[2m=[0m"rust-toolchain-pinned" [3melapsed_us[0m[2m=[0m24947
[2m2026-05-01T05:32:00.515072Z[0m [32m INFO[0m engine.phase [3mphase[0m[2m=[0m"cross_file_rule" [3mrule[0m[2m=[0m"rust-sources-snake-case" [3melapsed_us[0m[2m=[0m21184
[2m2026-05-01T05:32:00.515080Z[0m [32m INFO[0m engine.phase [3mphase[0m[2m=[0m"cross_file_rule" [3mrule[0m[2m=[0m"oss-security-policy-non-empty" [3melapsed_us[0m[2m=[0m10752
[2m2026-05-01T05:32:00.515087Z[0m [32m INFO[0m engine.phase [3mphase[0m[2m=[0m"cross_file_rule" [3mrule[0m[2m=[0m"oss-codeowners-non-empty" [3melapsed_us[0m[2m=[0m10020
[2m2026-05-01T05:32:00.515094Z[0m [32m INFO[0m engine.phase [3mphase[0m[2m=[0m"cross_file_rule" [3mrule[0m[2m=[0m"monorepo-unique-package-names" [3melapsed_us[0m[2m=[0m9906
[2m2026-05-01T05:32:00.515101Z[0m [32m INFO[0m engine.phase [3mphase[0m[2m=[0m"cross_file_rule" [3mrule[0m[2m=[0m"oss-license-non-empty" [3melapsed_us[0m[2m=[0m9521
[2m2026-05-01T05:32:00.515129Z[0m [32m INFO[0m engine.phase [3mphase[0m[2m=[0m"cross_file_rule" [3mrule[0m[2m=[0m"rust-no-tracked-target" [3melapsed_us[0m[2m=[0m454
[2m2026-05-01T05:32:00.515137Z[0m [32m INFO[0m engine.phase [3mphase[0m[2m=[0m"cross_file_rule" [3mrule[0m[2m=[0m"monorepo-packages-have-package-json" [3melapsed_us[0m[2m=[0m367
[2m2026-05-01T05:32:00.625709Z[0m [32m INFO[0m engine.phase [3mphase[0m[2m=[0m"per_file_partition" [3melapsed_us[0m[2m=[0m110559 [3mrules[0m[2m=[0m11
[2m2026-05-01T05:32:00.625929Z[0m [32m INFO[0m engine.phase [3mphase[0m[2m=[0m"assembly" [3melapsed_us[0m[2m=[0m5 [3mresults[0m[2m=[0m23
[2m2026-05-01T05:32:00.625935Z[0m [32m INFO[0m engine.phase [3mphase[0m[2m=[0m"engine_run_total" [3melapsed_us[0m[2m=[0m2136164
